INFO:root:======================= Started at 2022-08-08 18:55:24.578762 =======================
INFO:drake:Meshcat listening for connections at http://localhost:7000
DEBUG:root:----------------------- Drake time: 0.000000 s -----------------------
DEBUG:root:Solver being activated: 0
DEBUG:root:Ball states: [ 0.     0.096  0.     0.    -0.2    0.   ]
DEBUG:root:Paddle states: [0. 0. 0. 0.]
INFO:gurobipy.gurobipy:Set parameter WLSAccessID
INFO:gurobipy.gurobipy:Set parameter WLSSecret
INFO:gurobipy.gurobipy:Set parameter LicenseID
INFO:gurobipy.gurobipy:Academic license - for non-commercial use only - registered to xngzdai@umich.edu
INFO:gurobipy.gurobipy:Discarded solution information
INFO:gurobipy.gurobipy:Academic license - for non-commercial use only - registered to xngzdai@umich.edu
DEBUG:root:-> norm: two
DEBUG:root:-> method: ch
DEBUG:root:-> time: 5.837172
DEBUG:root:-> mip gap: 0.000000
DEBUG:root:-> nodes: 456
DEBUG:root:-> u: [array([ 0.        , 19.15087046]), array([0.        , 4.71957344]), array([ 0.        , -7.82695835]), array([  0.        , -23.51115689]), array([ 0.        , -4.12945725]), array([ 0.        , 13.59220395]), array([0.        , 6.67309075]), array([0.        , 2.41649463]), array([ 0.        , -0.88160974]), array([ 0.        , -4.54223768]), array([  0.        , -10.03127285]), array([ 0.        , -1.38924684]), array([0.        , 6.68536183]), array([0.       , 2.4896448]), array([ 0.        , -0.72115948]), array([ 0.        , -4.23191916]), array([ 0.        , -1.28693571]), array([0.        , 1.13159683]), array([0.        , 0.47606275]), array([0., 0.])]
DEBUG:root:Solver being activated: 1
DEBUG:root:Ball states: [ 0.     0.096  0.     0.    -0.2    0.   ]
DEBUG:root:Solver being activated: 2
DEBUG:root:Ball states: [ 0.     0.096  0.     0.    -0.2    0.   ]
DEBUG:root:Solver being activated: 3
DEBUG:root:Ball states: [ 0.     0.096  0.     0.    -0.2    0.   ]
DEBUG:root:Solver being activated: 4
DEBUG:root:Ball states: [ 0.     0.096  0.     0.    -0.2    0.   ]
DEBUG:root:Solver being activated: 5
DEBUG:root:Ball states: [ 0.     0.096  0.     0.    -0.2    0.   ]
DEBUG:root:Solver being activated: 6
DEBUG:root:Ball states: [ 0.     0.096  0.     0.    -0.2    0.   ]
DEBUG:root:Solver being activated: 7
DEBUG:root:Ball states: [ 0.     0.096  0.     0.    -0.2    0.   ]
DEBUG:root:Solver being activated: 8
DEBUG:root:Ball states: [ 0.     0.096  0.     0.    -0.2    0.   ]
DEBUG:root:Solver being activated: 9
DEBUG:root:Ball states: [ 0.     0.096  0.     0.    -0.2    0.   ]
DEBUG:root:Solver being activated: 10
DEBUG:root:Ball states: [ 0.     0.096  0.     0.    -0.2    0.   ]
DEBUG:root:Solver being activated: 11
DEBUG:root:Ball states: [ 0.     0.096  0.     0.    -0.2    0.   ]
DEBUG:root:Solver being activated: 12
DEBUG:root:Ball states: [ 0.     0.096  0.     0.    -0.2    0.   ]
DEBUG:root:Solver being activated: 13
DEBUG:root:Ball states: [ 0.     0.096  0.     0.    -0.2    0.   ]
DEBUG:root:Solver being activated: 14
DEBUG:root:Ball states: [ 0.     0.096  0.     0.    -0.2    0.   ]
DEBUG:root:Solver being activated: 15
DEBUG:root:Ball states: [ 0.     0.096  0.     0.    -0.2    0.   ]
DEBUG:root:Solver being activated: 16
DEBUG:root:Ball states: [ 0.     0.096  0.     0.    -0.2    0.   ]
DEBUG:root:Solver being activated: 17
DEBUG:root:Ball states: [ 0.     0.096  0.     0.    -0.2    0.   ]
DEBUG:root:----------------------- Drake time: 0.020000 s -----------------------
DEBUG:root:Solver being activated: 18
DEBUG:root:Ball states: [ 0.     0.088  0.     0.    -0.4    0.   ]
DEBUG:root:Paddle states: [0.         0.00383017 0.         0.38301741]
INFO:gurobipy.gurobipy:Discarded solution information
INFO:gurobipy.gurobipy:Academic license - for non-commercial use only - registered to xngzdai@umich.edu
DEBUG:root:-> norm: two
DEBUG:root:-> method: ch
DEBUG:root:-> time: 5.282498
DEBUG:root:-> mip gap: 0.000000
DEBUG:root:-> nodes: 631
DEBUG:root:-> u: [array([0.        , 8.97428382]), array([ 0.        , -7.54018775]), array([  0.        , -27.07676651]), array([ 0.        , -5.30195607]), array([ 0.        , 14.34378494]), array([0.        , 7.06091157]), array([0.        , 2.59559482]), array([ 0.        , -0.83982974]), array([ 0.        , -4.62148501]), array([  0.        , -10.26385176]), array([ 0.        , -1.72661648]), array([0.        , 6.10733847]), array([0.        , 2.41094658]), array([ 0.       , -0.3329991]), array([ 0.        , -3.22260053]), array([ 0.        , -1.09442317]), array([0.        , 0.58310363]), array([0.        , 0.30293816]), array([0.        , 0.13141399]), array([0., 0.])]
DEBUG:root:Solver being activated: 19
DEBUG:root:Ball states: [ 0.     0.088  0.     0.    -0.4    0.   ]
DEBUG:root:Solver being activated: 20
DEBUG:root:Ball states: [ 0.     0.088  0.     0.    -0.4    0.   ]
DEBUG:root:Solver being activated: 21
DEBUG:root:Ball states: [ 0.     0.088  0.     0.    -0.4    0.   ]
DEBUG:root:Solver being activated: 22
DEBUG:root:Ball states: [ 0.     0.088  0.     0.    -0.4    0.   ]
DEBUG:root:Solver being activated: 23
DEBUG:root:Ball states: [ 0.     0.088  0.     0.    -0.4    0.   ]
DEBUG:root:----------------------- Drake time: 0.040000 s -----------------------
DEBUG:root:Solver being activated: 24
DEBUG:root:Ball states: [ 0.     0.076  0.     0.    -0.6    0.   ]
DEBUG:root:Paddle states: [0.         0.01328538 0.         0.56250309]
INFO:gurobipy.gurobipy:Discarded solution information
INFO:gurobipy.gurobipy:Academic license - for non-commercial use only - registered to xngzdai@umich.edu
DEBUG:root:-> norm: two
DEBUG:root:-> method: ch
DEBUG:root:-> time: 4.950350
DEBUG:root:-> mip gap: 0.000000
DEBUG:root:-> nodes: 469
DEBUG:root:-> u: [array([-1.42890144e-10, -7.94113285e+00]), array([ 2.25902852e-10, -2.42502000e+01]), array([-8.30020497e-11, -5.26734699e+00]), array([4.13816537e-10, 1.16029089e+01]), array([-6.92672586e-11,  5.89424351e+00]), array([-2.74333445e-10,  2.53651240e+00]), array([-4.39261072e-10,  1.85316927e-01]), array([-5.59811753e-10, -2.10153308e+00]), array([ 1.45792711e-09, -5.24051929e+00]), array([-5.29094990e-10, -1.04886416e+01]), array([ 1.06581410e-13, -1.05279425e+00]), array([-6.92779167e-13,  7.94955129e+00]), array([0.       , 3.2665423]), array([ 0.        , -0.12094643]), array([ 0.       , -3.5684253]), array([ 0.        , -1.18576555]), array([0.       , 0.7105563]), array([0.        , 0.36654069]), array([0.        , 0.15752625]), array([1.63424829e-13, 1.63424829e-13])]
DEBUG:root:Solver being activated: 25
DEBUG:root:Ball states: [ 0.     0.076  0.     0.    -0.6    0.   ]
DEBUG:root:Solver being activated: 26
DEBUG:root:Ball states: [ 0.     0.076  0.     0.    -0.6    0.   ]
DEBUG:root:Solver being activated: 27
DEBUG:root:Ball states: [ 0.     0.076  0.     0.    -0.6    0.   ]
DEBUG:root:Solver being activated: 28
DEBUG:root:Ball states: [ 0.     0.076  0.     0.    -0.6    0.   ]
DEBUG:root:Solver being activated: 29
DEBUG:root:Ball states: [ 0.     0.076  0.     0.    -0.6    0.   ]
DEBUG:root:----------------------- Drake time: 0.060000 s -----------------------
DEBUG:root:Solver being activated: 30
DEBUG:root:Ball states: [ 0.    0.06  0.    0.   -0.8   0.  ]
DEBUG:root:Paddle states: [-2.85780288e-14  2.29472142e-02 -2.85780288e-12  4.03680429e-01]
INFO:gurobipy.gurobipy:Discarded solution information
INFO:gurobipy.gurobipy:Academic license - for non-commercial use only - registered to xngzdai@umich.edu
DEBUG:root:-> norm: two
DEBUG:root:-> method: ch
DEBUG:root:-> time: 5.764536
DEBUG:root:-> mip gap: 0.000000
DEBUG:root:-> nodes: 418
DEBUG:root:-> u: [array([  0.        , -26.45199609]), array([ 0.        , -4.83208614]), array([ 0.        , 14.84681334]), array([0.        , 7.28929989]), array([0.        , 2.64050692]), array([ 0.        , -0.96084854]), array([ 0.        , -4.95749691]), array([  0.        , -10.95013206]), array([ 0.        , -1.49373636]), array([0.        , 7.35144619]), array([0.        , 2.37454185]), array([ 0.        , -1.66594119]), array([ 0.       , -6.3870026]), array([ 0.        , -0.74448486]), array([0.        , 4.58597917]), array([0.        , 0.76844257]), array([ 0.        , -2.75550826]), array([ 0.        , -0.90115104]), array([0.        , 0.57888422]), array([0., 0.])]
DEBUG:root:Solver being activated: 31
DEBUG:root:Ball states: [ 0.    0.06  0.    0.   -0.8   0.  ]
DEBUG:root:Solver being activated: 32
DEBUG:root:Ball states: [ 0.    0.06  0.    0.   -0.8   0.  ]
DEBUG:root:Solver being activated: 33
DEBUG:root:Ball states: [ 0.    0.06  0.    0.   -0.8   0.  ]
DEBUG:root:Solver being activated: 34
DEBUG:root:Ball states: [ 0.    0.06  0.    0.   -0.8   0.  ]
DEBUG:root:Solver being activated: 35
DEBUG:root:Ball states: [ 0.    0.06  0.    0.   -0.8   0.  ]
DEBUG:root:Solver being activated: 36
DEBUG:root:Ball states: [ 0.    0.06  0.    0.   -0.8   0.  ]
DEBUG:root:Solver being activated: 37
DEBUG:root:Ball states: [ 0.    0.06  0.    0.   -0.8   0.  ]
DEBUG:root:Solver being activated: 38
DEBUG:root:Ball states: [ 0.    0.06  0.    0.   -0.8   0.  ]
DEBUG:root:----------------------- Drake time: 0.080000 s -----------------------
DEBUG:root:Solver being activated: 39
DEBUG:root:Ball states: [ 0.    0.04  0.    0.   -1.    0.  ]
DEBUG:root:Paddle states: [-8.57340865e-14  2.57304235e-02 -2.85780288e-12 -1.25359493e-01]
INFO:gurobipy.gurobipy:Discarded solution information
INFO:gurobipy.gurobipy:Academic license - for non-commercial use only - registered to xngzdai@umich.edu
DEBUG:root:-> norm: two
DEBUG:root:-> method: ch
DEBUG:root:-> time: 5.101227
DEBUG:root:-> mip gap: 0.000000
DEBUG:root:-> nodes: 568
DEBUG:root:-> u: [array([ 0.        , -7.07728679]), array([ 0.        , 12.60522273]), array([0.        , 6.22998068]), array([0.        , 2.33869239]), array([ 0.        , -0.62603587]), array([ 0.        , -3.85134796]), array([ 0.        , -8.62852114]), array([ 0.        , -0.46453164]), array([0.        , 7.50263147]), array([0.        , 2.49093989]), array([ 0.        , -1.53475252]), array([ 0.        , -6.18540302]), array([ 0.        , -0.61462648]), array([0.        , 4.69936261]), array([0.      , 1.068196]), array([ 0.        , -2.14607441]), array([ 0.        , -0.69981415]), array([0.        , 0.45594258]), array([0.        , 0.19425907]), array([0., 0.])]
DEBUG:root:Solver being activated: 40
DEBUG:root:Ball states: [ 0.    0.04  0.    0.   -1.    0.  ]
DEBUG:root:Solver being activated: 41
DEBUG:root:Ball states: [ 0.    0.04  0.    0.   -1.    0.  ]
DEBUG:root:Solver being activated: 42
DEBUG:root:Ball states: [ 0.    0.04  0.    0.   -1.    0.  ]
DEBUG:root:Solver being activated: 43
DEBUG:root:Ball states: [ 0.    0.04  0.    0.   -1.    0.  ]
DEBUG:root:Solver being activated: 44
DEBUG:root:Ball states: [ 0.    0.04  0.    0.   -1.    0.  ]
DEBUG:root:----------------------- Drake time: 0.100000 s -----------------------
DEBUG:root:Solver being activated: 45
DEBUG:root:Ball states: [-1.63303022e-14  4.93237908e-02 -4.08257555e-13 -8.16515109e-13
  4.66189542e-01 -2.04128777e-11]
DEBUG:root:Paddle states: [-1.42890144e-13  2.18077763e-02 -2.85780288e-12 -2.66905229e-01]
INFO:gurobipy.gurobipy:Discarded solution information
INFO:gurobipy.gurobipy:Academic license - for non-commercial use only - registered to xngzdai@umich.edu
DEBUG:root:-> norm: two
DEBUG:root:-> method: ch
DEBUG:root:-> time: 8.754507
DEBUG:root:-> mip gap: 0.000000
DEBUG:root:-> nodes: 840
DEBUG:root:-> u: [array([ 0.        , 12.95502806]), array([0.       , 5.8209925]), array([0.        , 1.00669326]), array([ 0.        , -3.41445826]), array([ 0.        , -9.21195268]), array([ 0.        , -0.43803667]), array([0.        , 8.15061163]), array([0.        , 1.72327711]), array([ 0.        , -4.02398305]), array([ 0.        , -0.19108191]), array([0.       , 3.5557548]), array([ 0.        , -0.60613061]), array([ 0.        , -5.02035903]), array([ 0.        , -0.46494308]), array([0.        , 3.89477406]), array([0.        , 0.36817805]), array([0.        , 0.01899769]), array([ 0.        , -0.33192855]), array([ 0.        , -0.13432821]), array([0., 0.])]
DEBUG:root:Solver being activated: 46
DEBUG:root:Ball states: [-1.63303022e-14  4.93237908e-02 -4.08257555e-13 -8.16515109e-13
  4.66189542e-01 -2.04128777e-11]
DEBUG:root:Solver being activated: 47
DEBUG:root:Ball states: [-1.63303022e-14  4.93237908e-02 -4.08257555e-13 -8.16515109e-13
  4.66189542e-01 -2.04128777e-11]
DEBUG:root:Solver being activated: 48
DEBUG:root:Ball states: [-1.63303022e-14  4.93237908e-02 -4.08257555e-13 -8.16515109e-13
  4.66189542e-01 -2.04128777e-11]
DEBUG:root:Solver being activated: 49
DEBUG:root:Ball states: [-1.63303022e-14  4.93237908e-02 -4.08257555e-13 -8.16515109e-13
  4.66189542e-01 -2.04128777e-11]
DEBUG:root:Solver being activated: 50
DEBUG:root:Ball states: [-1.63303022e-14  4.93237908e-02 -4.08257555e-13 -8.16515109e-13
  4.66189542e-01 -2.04128777e-11]
DEBUG:root:----------------------- Drake time: 0.120000 s -----------------------
DEBUG:root:Solver being activated: 51
DEBUG:root:Ball states: [-3.26606044e-14  5.46475817e-02 -8.16515109e-13 -8.16515109e-13
  2.66189542e-01 -2.04128777e-11]
DEBUG:root:Paddle states: [-2.00046202e-13  1.90606774e-02 -2.85780288e-12 -7.80466764e-03]
INFO:gurobipy.gurobipy:Discarded solution information
INFO:gurobipy.gurobipy:Academic license - for non-commercial use only - registered to xngzdai@umich.edu
DEBUG:root:-> norm: two
DEBUG:root:-> method: ch
DEBUG:root:-> time: 9.450657
DEBUG:root:-> mip gap: 0.000000
DEBUG:root:-> nodes: 1166
DEBUG:root:-> u: [array([0.       , 7.0361903]), array([0.        , 1.35611363]), array([ 0.       , -3.7902052]), array([  0.        , -10.46257407]), array([ 0.        , -0.84382897]), array([0.        , 8.42774279]), array([0.        , 1.98031288]), array([ 0.        , -3.68371182]), array([ 0.        , -0.48943013]), array([0.        , 2.49988864]), array([0.        , 0.33500748]), array([ 0.        , -1.70518644]), array([ 0.        , -0.37645616]), array([0.        , 0.79201663]), array([ 0.       , -0.3184419]), array([ 0.       , -1.5660449]), array([ 0.        , -0.38602721]), array([0.        , 0.62994495]), array([0.        , 0.26632218]), array([0., 0.])]
DEBUG:root:Solver being activated: 52
DEBUG:root:Ball states: [-3.26606044e-14  5.46475817e-02 -8.16515109e-13 -8.16515109e-13
  2.66189542e-01 -2.04128777e-11]
DEBUG:root:Solver being activated: 53
DEBUG:root:Ball states: [-3.26606044e-14  5.46475817e-02 -8.16515109e-13 -8.16515109e-13
  2.66189542e-01 -2.04128777e-11]
DEBUG:root:Solver being activated: 54
DEBUG:root:Ball states: [-3.26606044e-14  5.46475817e-02 -8.16515109e-13 -8.16515109e-13
  2.66189542e-01 -2.04128777e-11]
DEBUG:root:Solver being activated: 55
DEBUG:root:Ball states: [-3.26606044e-14  5.46475817e-02 -8.16515109e-13 -8.16515109e-13
  2.66189542e-01 -2.04128777e-11]
DEBUG:root:Solver being activated: 56
DEBUG:root:Ball states: [-3.26606044e-14  5.46475817e-02 -8.16515109e-13 -8.16515109e-13
  2.66189542e-01 -2.04128777e-11]
DEBUG:root:----------------------- Drake time: 0.140000 s -----------------------
DEBUG:root:Solver being activated: 57
DEBUG:root:Ball states: [-4.89909066e-14  5.59713725e-02 -1.22477266e-12 -8.16515109e-13
  6.61895422e-02 -2.04128777e-11]
DEBUG:root:Paddle states: [-2.57202259e-13  2.03118221e-02 -2.85780288e-12  1.32919138e-01]
INFO:gurobipy.gurobipy:Discarded solution information
INFO:gurobipy.gurobipy:Academic license - for non-commercial use only - registered to xngzdai@umich.edu
DEBUG:root:-> norm: two
DEBUG:root:-> method: ch
DEBUG:root:-> time: 11.250211
DEBUG:root:-> mip gap: 0.000000
DEBUG:root:-> nodes: 1814
DEBUG:root:-> u: [array([0.        , 2.79564522]), array([ 0.       , -3.7070533]), array([  0.        , -11.70220853]), array([ 0.        , -0.85404697]), array([0.        , 9.64289771]), array([0.        , 1.85752334]), array([ 0.       , -5.1937997]), array([ 0.        , -0.27342924]), array([0.        , 4.52794534]), array([ 0.       , -0.6616005]), array([ 0.        , -6.12588287]), array([ 0.        , -0.64609445]), array([0.       , 4.5651551]), array([ 0.        , -1.78852655]), array([0.        , 0.01901242]), array([0.        , 1.82465377]), array([ 0.        , -0.99641805]), array([ 0.        , -0.36248911]), array([0.        , 0.11694841]), array([0., 0.])]
DEBUG:root:Solver being activated: 58
DEBUG:root:Ball states: [-4.89909066e-14  5.59713725e-02 -1.22477266e-12 -8.16515109e-13
  6.61895422e-02 -2.04128777e-11]
DEBUG:root:Solver being activated: 59
DEBUG:root:Ball states: [-4.89909066e-14  5.59713725e-02 -1.22477266e-12 -8.16515109e-13
  6.61895422e-02 -2.04128777e-11]
DEBUG:root:Solver being activated: 60
DEBUG:root:Ball states: [-4.89909066e-14  5.59713725e-02 -1.22477266e-12 -8.16515109e-13
  6.61895422e-02 -2.04128777e-11]
DEBUG:root:Solver being activated: 61
DEBUG:root:Ball states: [-4.89909066e-14  5.59713725e-02 -1.22477266e-12 -8.16515109e-13
  6.61895422e-02 -2.04128777e-11]
DEBUG:root:Solver being activated: 62
DEBUG:root:Ball states: [-4.89909066e-14  5.59713725e-02 -1.22477266e-12 -8.16515109e-13
  6.61895422e-02 -2.04128777e-11]
DEBUG:root:Solver being activated: 63
DEBUG:root:Ball states: [-4.89909066e-14  5.59713725e-02 -1.22477266e-12 -8.16515109e-13
  6.61895422e-02 -2.04128777e-11]
DEBUG:root:Solver being activated: 64
DEBUG:root:Ball states: [-4.89909066e-14  5.59713725e-02 -1.22477266e-12 -8.16515109e-13
  6.61895422e-02 -2.04128777e-11]
DEBUG:root:Solver being activated: 65
DEBUG:root:Ball states: [-4.89909066e-14  5.59713725e-02 -1.22477266e-12 -8.16515109e-13
  6.61895422e-02 -2.04128777e-11]
DEBUG:root:----------------------- Drake time: 0.160000 s -----------------------
DEBUG:root:Solver being activated: 66
DEBUG:root:Ball states: [-6.53212088e-14  5.32951634e-02 -1.63303022e-12 -8.16515109e-13
 -1.33810458e-01 -2.04128777e-11]
DEBUG:root:Paddle states: [-3.14358317e-13  2.35293339e-02 -2.85780288e-12  1.88832043e-01]
INFO:gurobipy.gurobipy:Discarded solution information
INFO:gurobipy.gurobipy:Academic license - for non-commercial use only - registered to xngzdai@umich.edu
DEBUG:root:-> norm: two
DEBUG:root:-> method: ch
DEBUG:root:-> time: 5.759856
DEBUG:root:-> mip gap: 0.000000
DEBUG:root:-> nodes: 741
DEBUG:root:-> u: [array([ 0.        , -2.58743968]), array([  0.        , -12.58886976]), array([ 0.        , -1.04174274]), array([ 0.        , 10.07909633]), array([0.       , 1.9243242]), array([ 0.        , -5.46975328]), array([ 0.        , -0.45670063]), array([0.        , 4.36383927]), array([ 0.        , -0.64420858]), array([ 0.        , -5.92024674]), array([ 0.        , -0.67182843]), array([0.        , 4.29753241]), array([ 0.       , -1.2796177]), array([0.        , 0.10247108]), array([0.        , 1.51576624]), array([ 0.        , -0.13854699]), array([ 0.        , -0.18582144]), array([ 0.        , -0.31745265]), array([ 0.        , -0.12801604]), array([0., 0.])]
DEBUG:root:Solver being activated: 67
DEBUG:root:Ball states: [-6.53212088e-14  5.32951634e-02 -1.63303022e-12 -8.16515109e-13
 -1.33810458e-01 -2.04128777e-11]
DEBUG:root:Solver being activated: 68
DEBUG:root:Ball states: [-6.53212088e-14  5.32951634e-02 -1.63303022e-12 -8.16515109e-13
 -1.33810458e-01 -2.04128777e-11]
DEBUG:root:Solver being activated: 69
DEBUG:root:Ball states: [-6.53212088e-14  5.32951634e-02 -1.63303022e-12 -8.16515109e-13
 -1.33810458e-01 -2.04128777e-11]
DEBUG:root:Solver being activated: 70
DEBUG:root:Ball states: [-6.53212088e-14  5.32951634e-02 -1.63303022e-12 -8.16515109e-13
 -1.33810458e-01 -2.04128777e-11]
DEBUG:root:Solver being activated: 71
DEBUG:root:Ball states: [-6.53212088e-14  5.32951634e-02 -1.63303022e-12 -8.16515109e-13
 -1.33810458e-01 -2.04128777e-11]
DEBUG:root:----------------------- Drake time: 0.180000 s -----------------------
DEBUG:root:Solver being activated: 72
DEBUG:root:Ball states: [-8.16515109e-14  4.66189542e-02 -2.04128777e-12 -8.16515109e-13
 -3.33810458e-01 -2.04128777e-11]
DEBUG:root:Paddle states: [-3.71514375e-13  2.67884868e-02 -2.85780288e-12  1.37083249e-01]
INFO:gurobipy.gurobipy:Discarded solution information
INFO:gurobipy.gurobipy:Academic license - for non-commercial use only - registered to xngzdai@umich.edu
DEBUG:root:-> norm: two
DEBUG:root:-> method: ch
DEBUG:root:-> time: 7.204800
DEBUG:root:-> mip gap: 0.000000
DEBUG:root:-> nodes: 854
DEBUG:root:-> u: [array([  0.        , -12.61963278]), array([ 0.        , -1.32627725]), array([0.        , 9.42677447]), array([0.        , 1.87330596]), array([ 0.      , -4.939872]), array([ 0.        , -0.17089294]), array([0.        , 4.52014081]), array([ 0.        , -0.61346563]), array([ 0.        , -6.00248089]), array([ 0.        , -0.58934675]), array([0.        , 4.57802516]), array([ 0.       , -1.6464874]), array([0.        , 0.10892913]), array([0.        , 1.89841428]), array([ 0.        , -1.49644934]), array([ 0.        , -0.28091834]), array([0.        , 0.81263685]), array([ 0.        , -1.25190789]), array([ 0.        , -0.51768508]), array([0., 0.])]
DEBUG:root:Solver being activated: 73
DEBUG:root:Ball states: [-8.16515109e-14  4.66189542e-02 -2.04128777e-12 -8.16515109e-13
 -3.33810458e-01 -2.04128777e-11]
DEBUG:root:Solver being activated: 74
DEBUG:root:Ball states: [-8.16515109e-14  4.66189542e-02 -2.04128777e-12 -8.16515109e-13
 -3.33810458e-01 -2.04128777e-11]
DEBUG:root:Solver being activated: 75
DEBUG:root:Ball states: [-8.16515109e-14  4.66189542e-02 -2.04128777e-12 -8.16515109e-13
 -3.33810458e-01 -2.04128777e-11]
DEBUG:root:Solver being activated: 76
DEBUG:root:Ball states: [-8.16515109e-14  4.66189542e-02 -2.04128777e-12 -8.16515109e-13
 -3.33810458e-01 -2.04128777e-11]
DEBUG:root:Solver being activated: 77
DEBUG:root:Ball states: [-8.16515109e-14  4.66189542e-02 -2.04128777e-12 -8.16515109e-13
 -3.33810458e-01 -2.04128777e-11]
DEBUG:root:----------------------- Drake time: 0.200000 s -----------------------
DEBUG:root:Solver being activated: 78
DEBUG:root:Ball states: [-9.79818131e-14  3.59427451e-02 -2.44954533e-12 -8.16515109e-13
 -5.33810458e-01 -2.04128777e-11]
DEBUG:root:Paddle states: [-4.28670432e-13  2.70062252e-02 -2.85780288e-12 -1.15309407e-01]
INFO:gurobipy.gurobipy:Discarded solution information
INFO:gurobipy.gurobipy:Academic license - for non-commercial use only - registered to xngzdai@umich.edu
DEBUG:root:-> norm: two
DEBUG:root:-> method: ch
DEBUG:root:-> time: 7.686201
DEBUG:root:-> mip gap: 0.000000
DEBUG:root:-> nodes: 1192
DEBUG:root:-> u: [array([ 0.        , -0.43316583]), array([0.        , 7.15243718]), array([0.        , 1.61480658]), array([ 0.        , -3.28686471]), array([0.        , 0.08612338]), array([0.        , 3.48330145]), array([ 0.        , -0.75770316]), array([ 0.        , -5.31240345]), array([ 0.        , -0.46389409]), array([0.        , 4.18862328]), array([ 0.        , -1.03237551]), array([0.        , 0.17101582]), array([0.        , 1.43297171]), array([ 0.        , -1.19948516]), array([ 0.        , -0.23703185]), array([0.      , 0.620671]), array([ 0.        , -1.05774578]), array([ 0.        , -0.30801768]), array([0.        , 0.30870864]), array([0., 0.])]
DEBUG:root:Solver being activated: 79
DEBUG:root:Ball states: [-9.79818131e-14  3.59427451e-02 -2.44954533e-12 -8.16515109e-13
 -5.33810458e-01 -2.04128777e-11]
DEBUG:root:Solver being activated: 80
DEBUG:root:Ball states: [-9.79818131e-14  3.59427451e-02 -2.44954533e-12 -8.16515109e-13
 -5.33810458e-01 -2.04128777e-11]
DEBUG:root:Solver being activated: 81
DEBUG:root:Ball states: [-9.79818131e-14  3.59427451e-02 -2.44954533e-12 -8.16515109e-13
 -5.33810458e-01 -2.04128777e-11]
DEBUG:root:Solver being activated: 82
DEBUG:root:Ball states: [-9.79818131e-14  3.59427451e-02 -2.44954533e-12 -8.16515109e-13
 -5.33810458e-01 -2.04128777e-11]
DEBUG:root:Solver being activated: 83
DEBUG:root:Ball states: [-9.79818131e-14  3.59427451e-02 -2.44954533e-12 -8.16515109e-13
 -5.33810458e-01 -2.04128777e-11]
DEBUG:root:Solver being activated: 84
DEBUG:root:Ball states: [-9.79818131e-14  3.59427451e-02 -2.44954533e-12 -8.16515109e-13
 -5.33810458e-01 -2.04128777e-11]
DEBUG:root:Solver being activated: 85
DEBUG:root:Ball states: [-9.79818131e-14  3.59427451e-02 -2.44954533e-12 -8.16515109e-13
 -5.33810458e-01 -2.04128777e-11]
DEBUG:root:Solver being activated: 86
DEBUG:root:Ball states: [-9.79818131e-14  3.59427451e-02 -2.44954533e-12 -8.16515109e-13
 -5.33810458e-01 -2.04128777e-11]
DEBUG:root:----------------------- Drake time: 0.220000 s -----------------------
DEBUG:root:Solver being activated: 87
DEBUG:root:Ball states: [-1.14312115e-13  4.16600453e-02 -2.85780288e-12 -8.16515109e-13
  2.85865012e-01 -2.04128777e-11]
DEBUG:root:Paddle states: [-4.85826490e-13  2.46134039e-02 -2.85780288e-12 -1.23972723e-01]
INFO:gurobipy.gurobipy:Discarded solution information
INFO:gurobipy.gurobipy:Academic license - for non-commercial use only - registered to xngzdai@umich.edu
DEBUG:root:-> norm: two
DEBUG:root:-> method: ch
DEBUG:root:-> time: 10.142566
DEBUG:root:-> mip gap: 0.000000
DEBUG:root:-> nodes: 1356
DEBUG:root:-> u: [array([7.57225619e-09, 9.17438287e+00]), array([4.59241159e-10, 8.92470473e-01]), array([-6.63550366e-09, -7.04277522e+00]), array([-1.39958943e-08, -7.05242033e-01]), array([1.01290709e-08, 5.33976187e+00]), array([ 2.61371983e-09, -2.05313617e+00]), array([-1.04307674e-11,  4.27014503e-02]), array([-2.06057393e-13,  2.14566930e+00]), array([ 1.67261760e-11, -1.22237465e+00]), array([-2.06057393e-13, -1.77385399e-01]), array([0.        , 0.78647251]), array([ 0.        , -0.77543494]), array([-2.20268248e-13, -1.41631543e-01]), array([0.        , 0.42512063]), array([ 0.        , -0.90302176]), array([ 0.        , -0.21762174]), array([0.        , 0.37030829]), array([ 0.        , -1.28919721]), array([ 0.        , -0.53298601]), array([0., 0.])]
DEBUG:root:Solver being activated: 88
DEBUG:root:Ball states: [-1.14312115e-13  4.16600453e-02 -2.85780288e-12 -8.16515109e-13
  2.85865012e-01 -2.04128777e-11]
DEBUG:root:Solver being activated: 89
DEBUG:root:Ball states: [-1.14312115e-13  4.16600453e-02 -2.85780288e-12 -8.16515109e-13
  2.85865012e-01 -2.04128777e-11]
DEBUG:root:Solver being activated: 90
DEBUG:root:Ball states: [-1.14312115e-13  4.16600453e-02 -2.85780288e-12 -8.16515109e-13
  2.85865012e-01 -2.04128777e-11]
DEBUG:root:Solver being activated: 91
DEBUG:root:Ball states: [-1.14312115e-13  4.16600453e-02 -2.85780288e-12 -8.16515109e-13
  2.85865012e-01 -2.04128777e-11]
DEBUG:root:Solver being activated: 92
DEBUG:root:Ball states: [-1.14312115e-13  4.16600453e-02 -2.85780288e-12 -8.16515109e-13
  2.85865012e-01 -2.04128777e-11]
DEBUG:root:----------------------- Drake time: 0.240000 s -----------------------
DEBUG:root:Solver being activated: 93
DEBUG:root:Ball states: [-1.30642418e-13  4.33773455e-02 -3.26606044e-12 -8.16515109e-13
  8.58650116e-02 -2.04128777e-11]
DEBUG:root:Paddle states: [9.71468690e-13 2.39688260e-02 1.48587321e-10 5.95149343e-02]
INFO:gurobipy.gurobipy:Discarded solution information
INFO:gurobipy.gurobipy:Academic license - for non-commercial use only - registered to xngzdai@umich.edu
DEBUG:root:-> norm: two
DEBUG:root:-> method: ch
DEBUG:root:-> time: 8.937788
DEBUG:root:-> mip gap: 0.000000
DEBUG:root:-> nodes: 1451
DEBUG:root:-> u: [array([0.        , 0.26399911]), array([ 0.        , -4.08794506]), array([ 0.        , -0.14229686]), array([0.        , 3.73646242]), array([ 0.        , -0.68121088]), array([ 0.        , -5.38161957]), array([ 0.        , -0.45138028]), array([0.        , 4.28825618]), array([ 0.        , -1.06012992]), array([0.        , 0.20092658]), array([0.        , 1.53290913]), array([ 0.        , -1.09841101]), array([ 0.        , -0.13575643]), array([0.        , 0.76299903]), array([ 0.        , -1.04019108]), array([ 0.        , -0.23710312]), array([0.        , 0.46148872]), array([ 0.        , -1.29049042]), array([ 0.        , -0.53381693]), array([0., 0.])]
DEBUG:root:Solver being activated: 94
DEBUG:root:Ball states: [-1.30642418e-13  4.33773455e-02 -3.26606044e-12 -8.16515109e-13
  8.58650116e-02 -2.04128777e-11]
DEBUG:root:Solver being activated: 95
DEBUG:root:Ball states: [-1.30642418e-13  4.33773455e-02 -3.26606044e-12 -8.16515109e-13
  8.58650116e-02 -2.04128777e-11]
DEBUG:root:Solver being activated: 96
DEBUG:root:Ball states: [-1.30642418e-13  4.33773455e-02 -3.26606044e-12 -8.16515109e-13
  8.58650116e-02 -2.04128777e-11]
DEBUG:root:Solver being activated: 97
DEBUG:root:Ball states: [-1.30642418e-13  4.33773455e-02 -3.26606044e-12 -8.16515109e-13
  8.58650116e-02 -2.04128777e-11]
DEBUG:root:Solver being activated: 98
DEBUG:root:Ball states: [-1.30642418e-13  4.33773455e-02 -3.26606044e-12 -8.16515109e-13
  8.58650116e-02 -2.04128777e-11]
DEBUG:root:----------------------- Drake time: 0.260000 s -----------------------
DEBUG:root:Solver being activated: 99
DEBUG:root:Ball states: [-1.46972720e-13  4.10946458e-02 -3.67431799e-12 -8.16515109e-13
 -1.14134988e-01 -2.04128777e-11]
DEBUG:root:Paddle states: [3.94321511e-12 2.52119245e-02 1.48587321e-10 6.47949165e-02]
INFO:gurobipy.gurobipy:Discarded solution information
INFO:gurobipy.gurobipy:Academic license - for non-commercial use only - registered to xngzdai@umich.edu
DEBUG:root:-> norm: two
DEBUG:root:-> method: ch
DEBUG:root:-> time: 9.901154
DEBUG:root:-> mip gap: 0.000000
DEBUG:root:-> nodes: 1338
DEBUG:root:-> u: [array([ 0.        , -4.03695453]), array([ 0.        , -0.11227836]), array([0.        , 3.75752926]), array([ 0.      , -0.701243]), array([ 0.        , -5.45077985]), array([ 0.        , -0.47690596]), array([0.        , 4.29612331]), array([ 0.        , -1.13620893]), array([0.        , 0.18401401]), array([0.        , 1.56838217]), array([ 0.        , -1.03487632]), array([ 0.        , -0.13163647]), array([0.        , 0.70936185]), array([ 0.        , -0.85487781]), array([ 0.        , -0.20218055]), array([0.        , 0.35998418]), array([ 0.        , -1.04195468]), array([ 0.        , -0.27358938]), array([0.        , 0.37591512]), array([0., 0.])]
DEBUG:root:Solver being activated: 100
DEBUG:root:Ball states: [-1.46972720e-13  4.10946458e-02 -3.67431799e-12 -8.16515109e-13
 -1.14134988e-01 -2.04128777e-11]
DEBUG:root:Solver being activated: 101
DEBUG:root:Ball states: [-1.46972720e-13  4.10946458e-02 -3.67431799e-12 -8.16515109e-13
 -1.14134988e-01 -2.04128777e-11]
DEBUG:root:Solver being activated: 102
DEBUG:root:Ball states: [-1.46972720e-13  4.10946458e-02 -3.67431799e-12 -8.16515109e-13
 -1.14134988e-01 -2.04128777e-11]
DEBUG:root:Solver being activated: 103
DEBUG:root:Ball states: [-1.46972720e-13  4.10946458e-02 -3.67431799e-12 -8.16515109e-13
 -1.14134988e-01 -2.04128777e-11]
DEBUG:root:Solver being activated: 104
DEBUG:root:Ball states: [-1.46972720e-13  4.10946458e-02 -3.67431799e-12 -8.16515109e-13
 -1.14134988e-01 -2.04128777e-11]
DEBUG:root:----------------------- Drake time: 0.280000 s -----------------------
DEBUG:root:Solver being activated: 105
DEBUG:root:Ball states: [-1.63303022e-13  3.48119460e-02 -4.08257555e-12 -8.16515109e-13
 -3.14134988e-01 -2.04128777e-11]
DEBUG:root:Paddle states: [ 6.91496152e-12  2.57004320e-02  1.48587321e-10 -1.59441742e-02]
INFO:gurobipy.gurobipy:Discarded solution information
INFO:gurobipy.gurobipy:Academic license - for non-commercial use only - registered to xngzdai@umich.edu
DEBUG:root:-> norm: two
DEBUG:root:-> method: ch
DEBUG:root:-> time: 14.221391
DEBUG:root:-> mip gap: 0.000000
DEBUG:root:-> nodes: 2186
DEBUG:root:-> u: [array([ 0.        , -1.48882783]), array([0.        , 8.08261258]), array([ 0.        , -0.14331376]), array([ 0.        , -8.43740747]), array([ 0.        , -1.08652539]), array([0.        , 5.81844562]), array([ 0.        , -3.99157188]), array([ 0.       , -0.8343024]), array([0.        , 1.97857987]), array([0.        , 0.77128732]), array([ 0.        , -0.13755212]), array([0.        , 0.02261859]), array([0.        , 0.18183794]), array([0.       , 0.1325072]), array([0.        , 0.12622928]), array([0.       , 0.1338359]), array([0.        , 0.18498384]), array([0.       , 0.0149981]), array([ 0.        , -0.15911703]), array([0., 0.])]
DEBUG:root:Solver being activated: 106
DEBUG:root:Ball states: [-1.63303022e-13  3.48119460e-02 -4.08257555e-12 -8.16515109e-13
 -3.14134988e-01 -2.04128777e-11]
DEBUG:root:Solver being activated: 107
DEBUG:root:Ball states: [-1.63303022e-13  3.48119460e-02 -4.08257555e-12 -8.16515109e-13
 -3.14134988e-01 -2.04128777e-11]
DEBUG:root:Solver being activated: 108
DEBUG:root:Ball states: [-1.63303022e-13  3.48119460e-02 -4.08257555e-12 -8.16515109e-13
 -3.14134988e-01 -2.04128777e-11]
DEBUG:root:Solver being activated: 109
DEBUG:root:Ball states: [-1.63303022e-13  3.48119460e-02 -4.08257555e-12 -8.16515109e-13
 -3.14134988e-01 -2.04128777e-11]
DEBUG:root:Solver being activated: 110
DEBUG:root:Ball states: [-1.63303022e-13  3.48119460e-02 -4.08257555e-12 -8.16515109e-13
 -3.14134988e-01 -2.04128777e-11]
DEBUG:root:Solver being activated: 111
DEBUG:root:Ball states: [-1.63303022e-13  3.48119460e-02 -4.08257555e-12 -8.16515109e-13
 -3.14134988e-01 -2.04128777e-11]
DEBUG:root:Solver being activated: 112
DEBUG:root:Ball states: [-1.63303022e-13  3.48119460e-02 -4.08257555e-12 -8.16515109e-13
 -3.14134988e-01 -2.04128777e-11]
DEBUG:root:Solver being activated: 113
DEBUG:root:Ball states: [-1.63303022e-13  3.48119460e-02 -4.08257555e-12 -8.16515109e-13
 -3.14134988e-01 -2.04128777e-11]
DEBUG:root:----------------------- Drake time: 0.300000 s -----------------------
DEBUG:root:Solver being activated: 114
DEBUG:root:Ball states: [-1.79633324e-13  2.45292462e-02 -4.49083310e-12 -8.16515109e-13
 -5.14134988e-01 -2.04128777e-11]
DEBUG:root:Paddle states: [ 9.88670794e-12  2.50837829e-02  1.48587321e-10 -4.57207308e-02]
INFO:gurobipy.gurobipy:Discarded solution information
INFO:gurobipy.gurobipy:Academic license - for non-commercial use only - registered to xngzdai@umich.edu
DEBUG:root:-> norm: two
DEBUG:root:-> method: ch
DEBUG:root:-> time: 8.589060
DEBUG:root:-> mip gap: 0.000000
DEBUG:root:-> nodes: 936
DEBUG:root:-> u: [array([ 0.        , -4.19431703]), array([0.       , 9.0291461]), array([0.        , 0.93410468]), array([ 0.        , -6.79669933]), array([ 0.        , -1.16368268]), array([0.        , 3.99442939]), array([0.       , 1.3862184]), array([ 0.        , -0.67614307]), array([ 0.        , -0.26713216]), array([0.        , 0.02620723]), array([ 0.       , -0.0184822]), array([ 0.        , -0.07937453]), array([ 0.        , -0.05596864]), array([ 0.        , -0.06373715]), array([ 0.        , -0.04975697]), array([ 0.        , -0.06440267]), array([ 0.        , -0.05463761]), array([ 0.        , -0.07535038]), array([ 0.        , -0.02786155]), array([0., 0.])]
DEBUG:root:Solver being activated: 115
DEBUG:root:Ball states: [-1.79633324e-13  2.45292462e-02 -4.49083310e-12 -8.16515109e-13
 -5.14134988e-01 -2.04128777e-11]
DEBUG:root:Solver being activated: 116
DEBUG:root:Ball states: [-1.79633324e-13  2.45292462e-02 -4.49083310e-12 -8.16515109e-13
 -5.14134988e-01 -2.04128777e-11]
DEBUG:root:Solver being activated: 117
DEBUG:root:Ball states: [-1.79633324e-13  2.45292462e-02 -4.49083310e-12 -8.16515109e-13
 -5.14134988e-01 -2.04128777e-11]
DEBUG:root:Solver being activated: 118
DEBUG:root:Ball states: [-1.79633324e-13  2.45292462e-02 -4.49083310e-12 -8.16515109e-13
 -5.14134988e-01 -2.04128777e-11]
DEBUG:root:Solver being activated: 119
DEBUG:root:Ball states: [-1.79633324e-13  2.45292462e-02 -4.49083310e-12 -8.16515109e-13
 -5.14134988e-01 -2.04128777e-11]
DEBUG:root:----------------------- Drake time: 0.320000 s -----------------------
DEBUG:root:Solver being activated: 120
DEBUG:root:Ball states: [6.69437081e-13 2.96276631e-02 1.67359270e-11 4.24535203e-11
 2.54920846e-01 1.06133801e-09]
DEBUG:root:Paddle states: [ 1.28584544e-11  2.33305049e-02  1.48587321e-10 -1.29607071e-01]
INFO:gurobipy.gurobipy:Discarded solution information
INFO:gurobipy.gurobipy:Academic license - for non-commercial use only - registered to xngzdai@umich.edu
DEBUG:root:-> norm: two
DEBUG:root:-> method: ch
DEBUG:root:-> time: 14.771259
DEBUG:root:-> mip gap: 0.000000
DEBUG:root:-> nodes: 1678
DEBUG:root:-> u: [array([0.        , 4.98526232]), array([0.        , 0.03628586]), array([0.        , 0.29569458]), array([0.        , 0.66452156]), array([0.        , 0.24529068]), array([ 0.        , -0.08441765]), array([ 0.        , -0.01781847]), array([0.        , 0.03315418]), array([0.        , 0.01014702]), array([ 0.        , -0.01719202]), array([ 0.        , -0.00770466]), array([ 0.        , -0.00958718]), array([ 0.        , -0.00506266]), array([ 0.       , -0.0107418]), array([ 0.        , -0.00539541]), array([ 0.        , -0.01027148]), array([ 0.        , -0.00600331]), array([ 0.       , -0.0120814]), array([ 0.        , -0.00177556]), array([0., 0.])]
DEBUG:root:Solver being activated: 121
DEBUG:root:Ball states: [6.69437081e-13 2.96276631e-02 1.67359270e-11 4.24535203e-11
 2.54920846e-01 1.06133801e-09]
DEBUG:root:Solver being activated: 122
DEBUG:root:Ball states: [6.69437081e-13 2.96276631e-02 1.67359270e-11 4.24535203e-11
 2.54920846e-01 1.06133801e-09]
DEBUG:root:Solver being activated: 123
DEBUG:root:Ball states: [6.69437081e-13 2.96276631e-02 1.67359270e-11 4.24535203e-11
 2.54920846e-01 1.06133801e-09]
DEBUG:root:Solver being activated: 124
DEBUG:root:Ball states: [6.69437081e-13 2.96276631e-02 1.67359270e-11 4.24535203e-11
 2.54920846e-01 1.06133801e-09]
DEBUG:root:Solver being activated: 125
DEBUG:root:Ball states: [6.69437081e-13 2.96276631e-02 1.67359270e-11 4.24535203e-11
 2.54920846e-01 1.06133801e-09]
DEBUG:root:----------------------- Drake time: 0.340000 s -----------------------
DEBUG:root:Solver being activated: 126
DEBUG:root:Ball states: [1.51850749e-12 3.07260800e-02 3.79626871e-11 4.24535203e-11
 5.49208456e-02 1.06133801e-09]
DEBUG:root:Paddle states: [ 1.58302008e-11  2.17354159e-02  1.48587321e-10 -2.99018251e-02]
INFO:gurobipy.gurobipy:Discarded solution information
INFO:gurobipy.gurobipy:Academic license - for non-commercial use only - registered to xngzdai@umich.edu
DEBUG:root:-> norm: two
DEBUG:root:-> method: ch
DEBUG:root:-> time: 11.013599
DEBUG:root:-> mip gap: 0.000000
DEBUG:root:-> nodes: 1270
DEBUG:root:-> u: [array([0.        , 1.72765699]), array([0.        , 0.76505452]), array([0.        , 0.09974248]), array([ 0.        , -4.03151675]), array([ 0.        , -0.42658814]), array([0.       , 2.9991081]), array([0.        , 1.02862963]), array([ 0.        , -0.53839853]), array([ 0.        , -0.22494997]), array([ 0.        , -0.00961021]), array([ 0.        , -0.02894702]), array([ 0.        , -0.06795908]), array([ 0.        , -0.04838572]), array([ 0.        , -0.05620906]), array([ 0.        , -0.05244707]), array([ 0.        , -0.07761693]), array([ 0.        , -0.06543646]), array([ 0.      , -0.087256]), array([ 0.        , -0.03316895]), array([0., 0.])]
DEBUG:root:Solver being activated: 127
DEBUG:root:Ball states: [1.51850749e-12 3.07260800e-02 3.79626871e-11 4.24535203e-11
 5.49208456e-02 1.06133801e-09]
DEBUG:root:Solver being activated: 128
DEBUG:root:Ball states: [1.51850749e-12 3.07260800e-02 3.79626871e-11 4.24535203e-11
 5.49208456e-02 1.06133801e-09]
DEBUG:root:Solver being activated: 129
DEBUG:root:Ball states: [1.51850749e-12 3.07260800e-02 3.79626871e-11 4.24535203e-11
 5.49208456e-02 1.06133801e-09]
DEBUG:root:Solver being activated: 130
DEBUG:root:Ball states: [1.51850749e-12 3.07260800e-02 3.79626871e-11 4.24535203e-11
 5.49208456e-02 1.06133801e-09]
DEBUG:root:Solver being activated: 131
DEBUG:root:Ball states: [1.51850749e-12 3.07260800e-02 3.79626871e-11 4.24535203e-11
 5.49208456e-02 1.06133801e-09]
DEBUG:root:Solver being activated: 132
DEBUG:root:Ball states: [1.51850749e-12 3.07260800e-02 3.79626871e-11 4.24535203e-11
 5.49208456e-02 1.06133801e-09]
DEBUG:root:Solver being activated: 133
DEBUG:root:Ball states: [1.51850749e-12 3.07260800e-02 3.79626871e-11 4.24535203e-11
 5.49208456e-02 1.06133801e-09]
DEBUG:root:Solver being activated: 134
DEBUG:root:Ball states: [1.51850749e-12 3.07260800e-02 3.79626871e-11 4.24535203e-11
 5.49208456e-02 1.06133801e-09]
DEBUG:root:----------------------- Drake time: 0.360000 s -----------------------
DEBUG:root:Solver being activated: 135
DEBUG:root:Ball states: [ 2.36757789e-12  2.78244970e-02  5.91894473e-11  4.24535203e-11
 -1.45079154e-01  1.06133801e-09]
DEBUG:root:Paddle states: [1.88019472e-11 2.14829108e-02 1.48587321e-10 4.65131479e-03]
INFO:gurobipy.gurobipy:Discarded solution information
INFO:gurobipy.gurobipy:Academic license - for non-commercial use only - registered to xngzdai@umich.edu
DEBUG:root:-> norm: two
DEBUG:root:-> method: ch
DEBUG:root:-> time: 11.213297
DEBUG:root:-> mip gap: 0.000000
DEBUG:root:-> nodes: 1624
DEBUG:root:-> u: [array([0.        , 0.59193979]), array([0.        , 0.81450623]), array([ 0.        , -4.68987088]), array([ 0.        , -0.66144627]), array([0.        , 3.09390064]), array([0.        , 1.10092855]), array([ 0.        , -0.45947839]), array([ 0.        , -0.15695968]), array([0.        , 0.07488798]), array([0.        , 0.03219582]), array([ 0.        , -0.00547432]), array([0.        , 0.00376492]), array([0.        , 0.00666329]), array([0.       , 0.0079206]), array([0.        , 0.00450739]), array([0.        , 0.00807672]), array([0.        , 0.00704172]), array([0.        , 0.00285194]), array([ 0.        , -0.00803276]), array([0., 0.])]
DEBUG:root:Solver being activated: 136
DEBUG:root:Ball states: [ 2.36757789e-12  2.78244970e-02  5.91894473e-11  4.24535203e-11
 -1.45079154e-01  1.06133801e-09]
DEBUG:root:Solver being activated: 137
DEBUG:root:Ball states: [ 2.36757789e-12  2.78244970e-02  5.91894473e-11  4.24535203e-11
 -1.45079154e-01  1.06133801e-09]
DEBUG:root:Solver being activated: 138
DEBUG:root:Ball states: [ 2.36757789e-12  2.78244970e-02  5.91894473e-11  4.24535203e-11
 -1.45079154e-01  1.06133801e-09]
DEBUG:root:Solver being activated: 139
DEBUG:root:Ball states: [ 2.36757789e-12  2.78244970e-02  5.91894473e-11  4.24535203e-11
 -1.45079154e-01  1.06133801e-09]
DEBUG:root:Solver being activated: 140
DEBUG:root:Ball states: [ 2.36757789e-12  2.78244970e-02  5.91894473e-11  4.24535203e-11
 -1.45079154e-01  1.06133801e-09]
DEBUG:root:----------------------- Drake time: 0.380000 s -----------------------
DEBUG:root:Solver being activated: 141
DEBUG:root:Ball states: [3.21664830e-12 3.13856845e-02 8.04162074e-11 4.24535203e-11
 1.78059376e-01 1.06133801e-09]
DEBUG:root:Paddle states: [2.17736936e-11 2.16943251e-02 1.48587321e-10 1.64901107e-02]
INFO:gurobipy.gurobipy:Discarded solution information
INFO:gurobipy.gurobipy:Academic license - for non-commercial use only - registered to xngzdai@umich.edu
DEBUG:root:-> norm: two
DEBUG:root:-> method: ch
DEBUG:root:-> time: 10.130553
DEBUG:root:-> mip gap: 0.000000
DEBUG:root:-> nodes: 1391
DEBUG:root:-> u: [array([0.        , 2.37518819]), array([ 0.        , -5.66553174]), array([ 0.        , -1.08088298]), array([0.        , 3.06261744]), array([0.        , 1.06882508]), array([ 0.        , -0.50558746]), array([ 0.        , -0.19430301]), array([0.       , 0.0310038]), array([ 0.        , -0.00435744]), array([ 0.        , -0.04968619]), array([ 0.        , -0.03292302]), array([ 0.        , -0.03751732]), array([ 0.        , -0.02869518]), array([ 0.        , -0.03947861]), array([ 0.        , -0.02900044]), array([ 0.        , -0.03816768]), array([ 0.        , -0.03131704]), array([ 0.        , -0.04493446]), array([ 0.        , -0.01546687]), array([0., 0.])]
DEBUG:root:Solver being activated: 142
DEBUG:root:Ball states: [3.21664830e-12 3.13856845e-02 8.04162074e-11 4.24535203e-11
 1.78059376e-01 1.06133801e-09]
DEBUG:root:Solver being activated: 143
DEBUG:root:Ball states: [3.21664830e-12 3.13856845e-02 8.04162074e-11 4.24535203e-11
 1.78059376e-01 1.06133801e-09]
DEBUG:root:Solver being activated: 144
DEBUG:root:Ball states: [3.21664830e-12 3.13856845e-02 8.04162074e-11 4.24535203e-11
 1.78059376e-01 1.06133801e-09]
DEBUG:root:Solver being activated: 145
DEBUG:root:Ball states: [3.21664830e-12 3.13856845e-02 8.04162074e-11 4.24535203e-11
 1.78059376e-01 1.06133801e-09]
DEBUG:root:Solver being activated: 146
DEBUG:root:Ball states: [3.21664830e-12 3.13856845e-02 8.04162074e-11 4.24535203e-11
 1.78059376e-01 1.06133801e-09]
DEBUG:root:----------------------- Drake time: 0.400000 s -----------------------
DEBUG:root:Solver being activated: 147
DEBUG:root:Ball states: [ 4.06571870e-12  3.09468720e-02  1.01642968e-10  4.24535203e-11
 -2.19406243e-02  1.06133801e-09]
DEBUG:root:Paddle states: [2.47454400e-11 2.24991649e-02 1.48587321e-10 6.39938744e-02]
INFO:gurobipy.gurobipy:Discarded solution information
INFO:gurobipy.gurobipy:Academic license - for non-commercial use only - registered to xngzdai@umich.edu
DEBUG:root:-> norm: two
DEBUG:root:-> method: ch
DEBUG:root:-> time: 9.167162
DEBUG:root:-> mip gap: 0.000000
DEBUG:root:-> nodes: 812
DEBUG:root:-> u: [array([ 0.       , -3.4683379]), array([ 0.        , -0.59627868]), array([0.        , 2.02831239]), array([ 0.        , -3.43255513]), array([ 0.        , -0.45795086]), array([0.        , 2.32483171]), array([0.        , 0.80441933]), array([ 0.        , -0.40236599]), array([ 0.        , -0.16100273]), array([0.        , 0.00775447]), array([ 0.        , -0.01582159]), array([ 0.       , -0.0538809]), array([ 0.        , -0.03773197]), array([ 0.        , -0.04476765]), array([ 0.       , -0.0340481]), array([ 0.        , -0.04494895]), array([ 0.        , -0.03736937]), array([ 0.        , -0.05262279]), array([ 0.        , -0.01870042]), array([0., 0.])]
DEBUG:root:Solver being activated: 148
DEBUG:root:Ball states: [ 4.06571870e-12  3.09468720e-02  1.01642968e-10  4.24535203e-11
 -2.19406243e-02  1.06133801e-09]
DEBUG:root:Solver being activated: 149
DEBUG:root:Ball states: [ 4.06571870e-12  3.09468720e-02  1.01642968e-10  4.24535203e-11
 -2.19406243e-02  1.06133801e-09]
DEBUG:root:Solver being activated: 150
DEBUG:root:Ball states: [ 4.06571870e-12  3.09468720e-02  1.01642968e-10  4.24535203e-11
 -2.19406243e-02  1.06133801e-09]
DEBUG:root:Solver being activated: 151
DEBUG:root:Ball states: [ 4.06571870e-12  3.09468720e-02  1.01642968e-10  4.24535203e-11
 -2.19406243e-02  1.06133801e-09]
DEBUG:root:Solver being activated: 152
DEBUG:root:Ball states: [ 4.06571870e-12  3.09468720e-02  1.01642968e-10  4.24535203e-11
 -2.19406243e-02  1.06133801e-09]
DEBUG:root:----------------------- Drake time: 0.420000 s -----------------------
DEBUG:root:Solver being activated: 153
DEBUG:root:Ball states: [ 4.91478911e-12  2.65080595e-02  1.22869728e-10  4.24535203e-11
 -2.21940624e-01  1.06133801e-09]
DEBUG:root:Paddle states: [ 2.77171864e-11  2.30853748e-02  1.48587321e-10 -5.37288361e-03]
INFO:gurobipy.gurobipy:Discarded solution information
INFO:gurobipy.gurobipy:Academic license - for non-commercial use only - registered to xngzdai@umich.edu
DEBUG:root:-> norm: two
DEBUG:root:-> method: ch
DEBUG:root:-> time: 15.744046
DEBUG:root:-> mip gap: 0.000000
DEBUG:root:-> nodes: 1645
DEBUG:root:-> u: [array([ 0.        , -4.05262189]), array([0.        , 4.75725623]), array([0.        , 1.52736032]), array([ 0.        , -1.10020396]), array([ 0.        , -0.55675497]), array([ 0.        , -0.24507271]), array([ 0.        , -0.15892214]), array([ 0.      , -0.145464]), array([ 0.        , -0.03590245]), array([0.        , 0.05022906]), array([0.        , 0.02111127]), array([ 0.        , -0.00854985]), array([0.        , 0.01336189]), array([0.        , 0.03169837]), array([ 0.        , -0.02710562]), array([ 0.        , -0.10561206]), array([ 0.        , -0.19027386]), array([ 0.        , -0.35982507]), array([ 0.        , -0.14635871]), array([0., 0.])]
DEBUG:root:Solver being activated: 154
DEBUG:root:Ball states: [ 4.91478911e-12  2.65080595e-02  1.22869728e-10  4.24535203e-11
 -2.21940624e-01  1.06133801e-09]
DEBUG:root:Solver being activated: 155
DEBUG:root:Ball states: [ 4.91478911e-12  2.65080595e-02  1.22869728e-10  4.24535203e-11
 -2.21940624e-01  1.06133801e-09]
DEBUG:root:Solver being activated: 156
DEBUG:root:Ball states: [ 4.91478911e-12  2.65080595e-02  1.22869728e-10  4.24535203e-11
 -2.21940624e-01  1.06133801e-09]
DEBUG:root:Solver being activated: 157
DEBUG:root:Ball states: [ 4.91478911e-12  2.65080595e-02  1.22869728e-10  4.24535203e-11
 -2.21940624e-01  1.06133801e-09]
DEBUG:root:Solver being activated: 158
DEBUG:root:Ball states: [ 4.91478911e-12  2.65080595e-02  1.22869728e-10  4.24535203e-11
 -2.21940624e-01  1.06133801e-09]
DEBUG:root:Solver being activated: 159
DEBUG:root:Ball states: [ 4.91478911e-12  2.65080595e-02  1.22869728e-10  4.24535203e-11
 -2.21940624e-01  1.06133801e-09]
DEBUG:root:Solver being activated: 160
DEBUG:root:Ball states: [ 4.91478911e-12  2.65080595e-02  1.22869728e-10  4.24535203e-11
 -2.21940624e-01  1.06133801e-09]
DEBUG:root:Solver being activated: 161
DEBUG:root:Ball states: [ 4.91478911e-12  2.65080595e-02  1.22869728e-10  4.24535203e-11
 -2.21940624e-01  1.06133801e-09]
DEBUG:root:----------------------- Drake time: 0.440000 s -----------------------
DEBUG:root:Solver being activated: 162
DEBUG:root:Ball states: [5.76385951e-12 2.74898591e-02 1.44096488e-10 4.24535203e-11
 4.90899813e-02 1.06133801e-09]
DEBUG:root:Paddle states: [ 3.06889329e-11  2.21673928e-02  1.48587321e-10 -8.64253215e-02]
INFO:gurobipy.gurobipy:Discarded solution information
INFO:gurobipy.gurobipy:Academic license - for non-commercial use only - registered to xngzdai@umich.edu
DEBUG:root:-> norm: two
DEBUG:root:-> method: ch
DEBUG:root:-> time: 7.570611
DEBUG:root:-> mip gap: 0.000000
DEBUG:root:-> nodes: 976
DEBUG:root:-> u: [array([ 0.        , -0.10479148]), array([0.        , 1.37421458]), array([0.        , 6.42560925]), array([ 0.       , -3.3657717]), array([ 0.        , -1.42272211]), array([ 0.        , -0.05697295]), array([0.        , 0.56796133]), array([0.        , 0.37607786]), array([ 0.        , -0.17169832]), array([0.        , 0.37607786]), array([ 0.        , -0.19198824]), array([0.        , 0.37607786]), array([ 0.        , -0.19198824]), array([0.        , 0.37607786]), array([ 0.        , -0.19198824]), array([0.        , 0.37607786]), array([ 0.        , -0.19198824]), array([0.        , 0.37607786]), array([ 0.        , -0.19198824]), array([0., 0.])]
DEBUG:root:Solver being activated: 163
DEBUG:root:Ball states: [5.76385951e-12 2.74898591e-02 1.44096488e-10 4.24535203e-11
 4.90899813e-02 1.06133801e-09]
DEBUG:root:Solver being activated: 164
DEBUG:root:Ball states: [5.76385951e-12 2.74898591e-02 1.44096488e-10 4.24535203e-11
 4.90899813e-02 1.06133801e-09]
DEBUG:root:Solver being activated: 165
DEBUG:root:Ball states: [5.76385951e-12 2.74898591e-02 1.44096488e-10 4.24535203e-11
 4.90899813e-02 1.06133801e-09]
DEBUG:root:Solver being activated: 166
DEBUG:root:Ball states: [5.76385951e-12 2.74898591e-02 1.44096488e-10 4.24535203e-11
 4.90899813e-02 1.06133801e-09]
DEBUG:root:Solver being activated: 167
DEBUG:root:Ball states: [5.76385951e-12 2.74898591e-02 1.44096488e-10 4.24535203e-11
 4.90899813e-02 1.06133801e-09]
DEBUG:root:----------------------- Drake time: 0.460000 s -----------------------
DEBUG:root:Solver being activated: 168
DEBUG:root:Ball states: [ 6.61292992e-12  2.44716588e-02  1.65323248e-10  4.24535203e-11
 -1.50910019e-01  1.06133801e-09]
DEBUG:root:Paddle states: [ 3.36606793e-11  2.04179281e-02  1.48587321e-10 -8.85211511e-02]
INFO:gurobipy.gurobipy:Discarded solution information
INFO:gurobipy.gurobipy:Academic license - for non-commercial use only - registered to xngzdai@umich.edu
DEBUG:root:-> norm: two
DEBUG:root:-> method: ch
DEBUG:root:-> time: 20.884916
DEBUG:root:-> mip gap: 0.000000
DEBUG:root:-> nodes: 1827
DEBUG:root:-> u: [array([0.        , 1.38370725]), array([0.        , 6.37321351]), array([ 0.       , -3.3296188]), array([ 0.        , -1.41135551]), array([ 0.        , -0.06584797]), array([0.        , 0.64441451]), array([0.        , 0.27865421]), array([ 0.        , -0.02536619]), array([0.        , 0.27865421]), array([ 0.        , -0.15432815]), array([0.        , 0.27865421]), array([ 0.        , -0.15432815]), array([0.        , 0.27865421]), array([ 0.        , -0.15432815]), array([0.        , 0.27865421]), array([ 0.        , -0.15432815]), array([0.        , 0.27865421]), array([ 0.        , -0.15432815]), array([0.        , 0.27865421]), array([0., 0.])]
DEBUG:root:Solver being activated: 169
DEBUG:root:Ball states: [ 6.61292992e-12  2.44716588e-02  1.65323248e-10  4.24535203e-11
 -1.50910019e-01  1.06133801e-09]
DEBUG:root:Solver being activated: 170
DEBUG:root:Ball states: [ 6.61292992e-12  2.44716588e-02  1.65323248e-10  4.24535203e-11
 -1.50910019e-01  1.06133801e-09]
DEBUG:root:Solver being activated: 171
DEBUG:root:Ball states: [ 6.61292992e-12  2.44716588e-02  1.65323248e-10  4.24535203e-11
 -1.50910019e-01  1.06133801e-09]
DEBUG:root:Solver being activated: 172
DEBUG:root:Ball states: [ 6.61292992e-12  2.44716588e-02  1.65323248e-10  4.24535203e-11
 -1.50910019e-01  1.06133801e-09]
DEBUG:root:Solver being activated: 173
DEBUG:root:Ball states: [ 6.61292992e-12  2.44716588e-02  1.65323248e-10  4.24535203e-11
 -1.50910019e-01  1.06133801e-09]
DEBUG:root:----------------------- Drake time: 0.480000 s -----------------------
DEBUG:root:Solver being activated: 174
DEBUG:root:Ball states: [7.46200032e-12 2.50559789e-02 1.86550008e-10 4.24535203e-11
 2.92160066e-02 1.06133801e-09]
DEBUG:root:Paddle states: [ 3.66324257e-11  1.89242465e-02  1.48587321e-10 -6.08470060e-02]
INFO:gurobipy.gurobipy:Discarded solution information
INFO:gurobipy.gurobipy:Academic license - for non-commercial use only - registered to xngzdai@umich.edu
DEBUG:root:-> norm: two
DEBUG:root:-> method: ch
DEBUG:root:-> time: 12.462015
DEBUG:root:-> mip gap: 0.000064
DEBUG:root:-> nodes: 1423
DEBUG:root:-> u: [array([0.        , 1.71542055]), array([-2.06057393e-13,  1.67764168e+00]), array([0.       , 2.3035621]), array([ 0.        , -4.85325337]), array([ 0.        , -0.18041383]), array([0.        , 0.47033794]), array([0.        , 0.80669856]), array([0.        , 0.47033795]), array([ 0.        , -0.22636427]), array([0.        , 0.47033794]), array([-2.06412665e-12, -2.26559423e-01]), array([-2.27373675e-13,  4.70337945e-01]), array([ 1.19015908e-12, -2.26559423e-01]), array([-2.06057393e-13,  4.70337945e-01]), array([-1.06581410e-12, -2.26559423e-01]), array([0.        , 0.47033795]), array([ 0.        , -0.22655942]), array([0.        , 0.47033795]), array([ 0.        , -0.22655942]), array([0., 0.])]
DEBUG:root:Solver being activated: 175
DEBUG:root:Ball states: [7.46200032e-12 2.50559789e-02 1.86550008e-10 4.24535203e-11
 2.92160066e-02 1.06133801e-09]
DEBUG:root:Solver being activated: 176
DEBUG:root:Ball states: [7.46200032e-12 2.50559789e-02 1.86550008e-10 4.24535203e-11
 2.92160066e-02 1.06133801e-09]
DEBUG:root:Solver being activated: 177
DEBUG:root:Ball states: [7.46200032e-12 2.50559789e-02 1.86550008e-10 4.24535203e-11
 2.92160066e-02 1.06133801e-09]
DEBUG:root:Solver being activated: 178
DEBUG:root:Ball states: [7.46200032e-12 2.50559789e-02 1.86550008e-10 4.24535203e-11
 2.92160066e-02 1.06133801e-09]
DEBUG:root:Solver being activated: 179
DEBUG:root:Ball states: [7.46200032e-12 2.50559789e-02 1.86550008e-10 4.24535203e-11
 2.92160066e-02 1.06133801e-09]
DEBUG:root:----------------------- Drake time: 0.500000 s -----------------------
DEBUG:root:Solver being activated: 180
DEBUG:root:Ball states: [ 8.31107073e-12  2.16402990e-02  2.07776768e-10  4.24535203e-11
 -1.70783993e-01  1.06133801e-09]
DEBUG:root:Paddle states: [ 3.96041721e-11  1.80503905e-02  1.48587321e-10 -2.65385951e-02]
INFO:gurobipy.gurobipy:Discarded solution information
INFO:gurobipy.gurobipy:Academic license - for non-commercial use only - registered to xngzdai@umich.edu
DEBUG:root:-> norm: two
DEBUG:root:-> method: ch
DEBUG:root:-> time: 23.368181
DEBUG:root:-> mip gap: 0.000000
DEBUG:root:-> nodes: 2613
DEBUG:root:-> u: [array([0.       , 1.5748542]), array([0.       , 3.1502633]), array([ 0.        , -5.68894548]), array([ 0.       , -0.1549274]), array([0.        , 0.51666724]), array([0.        , 0.77522896]), array([0.        , 0.51666724]), array([ 0.       , -0.2807705]), array([0.        , 0.51666724]), array([ 0.        , -0.28619077]), array([0.        , 0.51666724]), array([ 0.        , -0.28619077]), array([0.        , 0.51666724]), array([ 0.        , -0.28619077]), array([0.        , 0.51666724]), array([ 0.        , -0.28619077]), array([0.        , 0.51666724]), array([ 0.        , -0.28619077]), array([0.        , 0.51666724]), array([0., 0.])]
DEBUG:root:Solver being activated: 181
DEBUG:root:Ball states: [ 8.31107073e-12  2.16402990e-02  2.07776768e-10  4.24535203e-11
 -1.70783993e-01  1.06133801e-09]
DEBUG:root:Solver being activated: 182
DEBUG:root:Ball states: [ 8.31107073e-12  2.16402990e-02  2.07776768e-10  4.24535203e-11
 -1.70783993e-01  1.06133801e-09]
DEBUG:root:Solver being activated: 183
DEBUG:root:Ball states: [ 8.31107073e-12  2.16402990e-02  2.07776768e-10  4.24535203e-11
 -1.70783993e-01  1.06133801e-09]
DEBUG:root:Solver being activated: 184
DEBUG:root:Ball states: [ 8.31107073e-12  2.16402990e-02  2.07776768e-10  4.24535203e-11
 -1.70783993e-01  1.06133801e-09]
DEBUG:root:Solver being activated: 185
DEBUG:root:Ball states: [ 8.31107073e-12  2.16402990e-02  2.07776768e-10  4.24535203e-11
 -1.70783993e-01  1.06133801e-09]
DEBUG:root:----------------------- Drake time: 0.520000 s -----------------------
DEBUG:root:Solver being activated: 186
DEBUG:root:Ball states: [9.16014113e-12 2.52543184e-02 2.29003528e-10 4.24535203e-11
 1.80700971e-01 1.06133801e-09]
DEBUG:root:Paddle states: [4.25759185e-11 1.78345894e-02 1.48587321e-10 4.95848888e-03]
INFO:gurobipy.gurobipy:Discarded solution information
INFO:gurobipy.gurobipy:Academic license - for non-commercial use only - registered to xngzdai@umich.edu
DEBUG:root:-> norm: two
DEBUG:root:-> method: ch
DEBUG:root:-> time: 20.531932
DEBUG:root:-> mip gap: 0.000000
DEBUG:root:-> nodes: 2306
DEBUG:root:-> u: [array([0.        , 2.76013243]), array([0.        , 0.60330594]), array([ 0.        , -1.31981331]), array([ 0.        , -0.86503416]), array([ 0.        , -0.76482827]), array([ 0.        , -0.46186993]), array([ 0.        , -0.35255326]), array([ 0.        , -0.12068219]), array([0.        , 0.05401477]), array([0.        , 0.01771947]), array([ 0.        , -0.02031043]), array([0.        , 0.01237498]), array([0.       , 0.0412558]), array([0.        , 0.02711586]), array([0.        , 0.01512815]), array([0.        , 0.02176543]), array([0.        , 0.02845755]), array([0.        , 0.01959167]), array([0.        , 0.00993996]), array([0., 0.])]
DEBUG:root:Solver being activated: 187
DEBUG:root:Ball states: [9.16014113e-12 2.52543184e-02 2.29003528e-10 4.24535203e-11
 1.80700971e-01 1.06133801e-09]
DEBUG:root:Solver being activated: 188
DEBUG:root:Ball states: [9.16014113e-12 2.52543184e-02 2.29003528e-10 4.24535203e-11
 1.80700971e-01 1.06133801e-09]
DEBUG:root:Solver being activated: 189
DEBUG:root:Ball states: [9.16014113e-12 2.52543184e-02 2.29003528e-10 4.24535203e-11
 1.80700971e-01 1.06133801e-09]
DEBUG:root:Solver being activated: 190
DEBUG:root:Ball states: [9.16014113e-12 2.52543184e-02 2.29003528e-10 4.24535203e-11
 1.80700971e-01 1.06133801e-09]
DEBUG:root:Solver being activated: 191
DEBUG:root:Ball states: [9.16014113e-12 2.52543184e-02 2.29003528e-10 4.24535203e-11
 1.80700971e-01 1.06133801e-09]
DEBUG:root:----------------------- Drake time: 0.540000 s -----------------------
DEBUG:root:Solver being activated: 192
DEBUG:root:Ball states: [ 1.00092115e-11  2.48683379e-02  2.50230288e-10  4.24535203e-11
 -1.92990289e-02  1.06133801e-09]
DEBUG:root:Paddle states: [4.55476650e-11 1.84857857e-02 1.48587321e-10 6.01611376e-02]
INFO:gurobipy.gurobipy:Discarded solution information
INFO:gurobipy.gurobipy:Academic license - for non-commercial use only - registered to xngzdai@umich.edu
DEBUG:root:-> norm: two
DEBUG:root:-> method: ch
DEBUG:root:-> time: 8.650485
DEBUG:root:-> mip gap: 0.000000
DEBUG:root:-> nodes: 886
DEBUG:root:-> u: [array([ 0.       , -4.5201576]), array([0.        , 0.25899503]), array([0.        , 5.13459329]), array([ 0.        , -5.40710465]), array([ 0.        , -0.72800997]), array([0.        , 0.55812783]), array([0.        , 0.51902502]), array([0.        , 0.55812783]), array([ 0.        , -0.29234192]), array([0.        , 0.55812783]), array([ 0.        , -0.29234192]), array([0.        , 0.55812783]), array([ 0.        , -0.29234192]), array([0.        , 0.55812783]), array([ 0.        , -0.29234192]), array([0.        , 0.55812783]), array([ 0.        , -0.29234192]), array([0.        , 0.55812783]), array([ 0.        , -0.29234192]), array([0., 0.])]
DEBUG:root:Solver being activated: 193
DEBUG:root:Ball states: [ 1.00092115e-11  2.48683379e-02  2.50230288e-10  4.24535203e-11
 -1.92990289e-02  1.06133801e-09]
DEBUG:root:Solver being activated: 194
DEBUG:root:Ball states: [ 1.00092115e-11  2.48683379e-02  2.50230288e-10  4.24535203e-11
 -1.92990289e-02  1.06133801e-09]
DEBUG:root:Solver being activated: 195
DEBUG:root:Ball states: [ 1.00092115e-11  2.48683379e-02  2.50230288e-10  4.24535203e-11
 -1.92990289e-02  1.06133801e-09]
DEBUG:root:Solver being activated: 196
DEBUG:root:Ball states: [ 1.00092115e-11  2.48683379e-02  2.50230288e-10  4.24535203e-11
 -1.92990289e-02  1.06133801e-09]
DEBUG:root:Solver being activated: 197
DEBUG:root:Ball states: [ 1.00092115e-11  2.48683379e-02  2.50230288e-10  4.24535203e-11
 -1.92990289e-02  1.06133801e-09]
DEBUG:root:----------------------- Drake time: 0.560000 s -----------------------
DEBUG:root:Solver being activated: 198
DEBUG:root:Ball states: [ 1.08582819e-11  2.04823573e-02  2.71457049e-10  4.24535203e-11
 -2.19299029e-01  1.06133801e-09]
DEBUG:root:Paddle states: [ 4.85194114e-11  1.87849769e-02  1.48587321e-10 -3.02420144e-02]
INFO:gurobipy.gurobipy:Discarded solution information
INFO:gurobipy.gurobipy:Academic license - for non-commercial use only - registered to xngzdai@umich.edu
